<?xml version="1.0" encoding="UTF-8"?>
<!-- Generated by org.testng.reporters.JUnitReportReporter -->
<testsuite skipped="0" hostname="BEL-FAMILLE" name="com.crm.qa.testCases.HomePageTest" tests="1" failures="0" timestamp="25 dÃ©c. 2018 02:56:14 GMT" time="20.054" errors="0">
  <testcase name="createNewContactTest" time="20.054" classname="com.crm.qa.testCases.HomePageTest"/>
</testsuite> <!-- com.crm.qa.testCases.HomePageTest -->
