<?xml version="1.0" encoding="UTF-8"?>
<!-- Generated by org.testng.reporters.JUnitReportReporter -->
<testsuite skipped="0" hostname="BEL-FAMILLE" name="com.crm.qa.testCases.ContactsPageTest" tests="1" failures="0" timestamp="25 dÃ©c. 2018 03:16:22 GMT" time="19.647" errors="0">
  <testcase name="createNewContactTest" time="19.647" classname="com.crm.qa.testCases.ContactsPageTest"/>
</testsuite> <!-- com.crm.qa.testCases.ContactsPageTest -->
